<?xml version="1.0" encoding="UTF-8"?>
<testng-results ignored="0" total="3" passed="1" failed="2" skipped="0">
  <reporter-output>
  </reporter-output>
  <suite started-at="2024-08-07T00:15:01 IST" name="Default suite" finished-at="2024-08-07T00:16:26 IST" duration-ms="85102">
    <groups>
    </groups>
    <test started-at="2024-08-07T00:15:01 IST" name="Default test" finished-at="2024-08-07T00:16:26 IST" duration-ms="85102">
      <class name="testl.inkedIn.ExtractInformation">
        <test-method is-config="true" signature="setup()[pri:0, instance:testl.inkedIn.ExtractInformation@3c46e67a]" started-at="2024-08-07T00:15:01 IST" name="setup" finished-at="2024-08-07T00:15:05 IST" duration-ms="4553" status="PASS">
          <reporter-output>
          </reporter-output>
        </test-method> <!-- setup -->
        <test-method signature="login()[pri:1, instance:testl.inkedIn.ExtractInformation@3c46e67a]" started-at="2024-08-07T00:15:06 IST" name="login" finished-at="2024-08-07T00:15:09 IST" duration-ms="3662" status="PASS">
          <reporter-output>
          </reporter-output>
        </test-method> <!-- login -->
        <test-method signature="selectFilter()[pri:2, instance:testl.inkedIn.ExtractInformation@3c46e67a]" started-at="2024-08-07T00:15:09 IST" name="selectFilter" finished-at="2024-08-07T00:15:44 IST" duration-ms="35051" status="FAIL">
          <exception class="org.openqa.selenium.NoSuchElementException">
            <message>
              <![CDATA[no such element: Unable to locate element: {"method":"xpath","selector":"(//input[contains(@id,'jobs-search-box-keyword-id')])"}
  (Session info: chrome=127.0.6533.89)
For documentation on this error, please visit: https://www.selenium.dev/documentation/webdriver/troubleshooting/errors#no-such-element-exception
Build info: version: '4.23.0', revision: '4df0a231af'
System info: os.name: 'Windows 10', os.arch: 'amd64', os.version: '10.0', java.version: '21.0.4'
Driver info: org.openqa.selenium.chrome.ChromeDriver
Command: [7ffbb586b00d4bb7e7a695e35bfdd2c7, findElement {using=xpath, value=(//input[contains(@id,'jobs-search-box-keyword-id')])}]
Capabilities {acceptInsecureCerts: false, browserName: chrome, browserVersion: 127.0.6533.89, chrome: {chromedriverVersion: 127.0.6533.88 (a2d0cb026721..., userDataDir: C:\Users\ADMIN\AppData\Loca...}, fedcm:accounts: true, goog:chromeOptions: {debuggerAddress: localhost:56722}, networkConnectionEnabled: false, pageLoadStrategy: normal, platformName: windows, proxy: Proxy(), se:cdp: ws://localhost:56722/devtoo..., se:cdpVersion: 127.0.6533.89, setWindowRect: true, strictFileInteractability: false, timeouts: {implicit: 0, pageLoad: 300000, script: 30000}, unhandledPromptBehavior: dismiss and notify, webauthn:extension:credBlob: true, webauthn:extension:largeBlob: true, webauthn:extension:minPinLength: true, webauthn:extension:prf: true, webauthn:virtualAuthenticators: true}
Session ID: 7ffbb586b00d4bb7e7a695e35bfdd2c7]]>
            </message>
            <full-stacktrace>
              <![CDATA[org.openqa.selenium.NoSuchElementException: no such element: Unable to locate element: {"method":"xpath","selector":"(//input[contains(@id,'jobs-search-box-keyword-id')])"}
  (Session info: chrome=127.0.6533.89)
For documentation on this error, please visit: https://www.selenium.dev/documentation/webdriver/troubleshooting/errors#no-such-element-exception
Build info: version: '4.23.0', revision: '4df0a231af'
System info: os.name: 'Windows 10', os.arch: 'amd64', os.version: '10.0', java.version: '21.0.4'
Driver info: org.openqa.selenium.chrome.ChromeDriver
Command: [7ffbb586b00d4bb7e7a695e35bfdd2c7, findElement {using=xpath, value=(//input[contains(@id,'jobs-search-box-keyword-id')])}]
Capabilities {acceptInsecureCerts: false, browserName: chrome, browserVersion: 127.0.6533.89, chrome: {chromedriverVersion: 127.0.6533.88 (a2d0cb026721..., userDataDir: C:\Users\ADMIN\AppData\Loca...}, fedcm:accounts: true, goog:chromeOptions: {debuggerAddress: localhost:56722}, networkConnectionEnabled: false, pageLoadStrategy: normal, platformName: windows, proxy: Proxy(), se:cdp: ws://localhost:56722/devtoo..., se:cdpVersion: 127.0.6533.89, setWindowRect: true, strictFileInteractability: false, timeouts: {implicit: 0, pageLoad: 300000, script: 30000}, unhandledPromptBehavior: dismiss and notify, webauthn:extension:credBlob: true, webauthn:extension:largeBlob: true, webauthn:extension:minPinLength: true, webauthn:extension:prf: true, webauthn:virtualAuthenticators: true}
Session ID: 7ffbb586b00d4bb7e7a695e35bfdd2c7
at java.base/jdk.internal.reflect.DirectConstructorHandleAccessor.newInstance(DirectConstructorHandleAccessor.java:62)
at java.base/java.lang.reflect.Constructor.newInstanceWithCaller(Constructor.java:502)
at java.base/java.lang.reflect.Constructor.newInstance(Constructor.java:486)
at org.openqa.selenium.remote.ErrorCodec.decode(ErrorCodec.java:167)
at org.openqa.selenium.remote.codec.w3c.W3CHttpResponseCodec.decode(W3CHttpResponseCodec.java:138)
at org.openqa.selenium.remote.codec.w3c.W3CHttpResponseCodec.decode(W3CHttpResponseCodec.java:50)
at org.openqa.selenium.remote.HttpCommandExecutor.execute(HttpCommandExecutor.java:190)
at org.openqa.selenium.remote.service.DriverCommandExecutor.invokeExecute(DriverCommandExecutor.java:216)
at org.openqa.selenium.remote.service.DriverCommandExecutor.execute(DriverCommandExecutor.java:174)
at org.openqa.selenium.remote.RemoteWebDriver.execute(RemoteWebDriver.java:527)
at org.openqa.selenium.remote.ElementLocation$ElementFinder$2.findElement(ElementLocation.java:165)
at org.openqa.selenium.remote.ElementLocation.findElement(ElementLocation.java:59)
at org.openqa.selenium.remote.RemoteWebDriver.findElement(RemoteWebDriver.java:357)
at org.openqa.selenium.remote.RemoteWebDriver.findElement(RemoteWebDriver.java:351)
at testl.inkedIn.ExtractInformation.selectFilter(ExtractInformation.java:52)
at java.base/jdk.internal.reflect.DirectMethodHandleAccessor.invoke(DirectMethodHandleAccessor.java:103)
at java.base/java.lang.reflect.Method.invoke(Method.java:580)
at org.testng.internal.invokers.MethodInvocationHelper.invokeMethod(MethodInvocationHelper.java:141)
at org.testng.internal.invokers.TestInvoker.invokeMethod(TestInvoker.java:686)
at org.testng.internal.invokers.TestInvoker.invokeTestMethod(TestInvoker.java:230)
at org.testng.internal.invokers.MethodRunner.runInSequence(MethodRunner.java:63)
at org.testng.internal.invokers.TestInvoker$MethodInvocationAgent.invoke(TestInvoker.java:992)
at org.testng.internal.invokers.TestInvoker.invokeTestMethods(TestInvoker.java:203)
at org.testng.internal.invokers.TestMethodWorker.invokeTestMethods(TestMethodWorker.java:154)
at org.testng.internal.invokers.TestMethodWorker.run(TestMethodWorker.java:134)
at java.base/java.util.ArrayList.forEach(ArrayList.java:1596)
at org.testng.TestRunner.privateRun(TestRunner.java:739)
at org.testng.TestRunner.run(TestRunner.java:614)
at org.testng.SuiteRunner.runTest(SuiteRunner.java:421)
at org.testng.SuiteRunner.runSequentially(SuiteRunner.java:413)
at org.testng.SuiteRunner.privateRun(SuiteRunner.java:373)
at org.testng.SuiteRunner.run(SuiteRunner.java:312)
at org.testng.SuiteRunnerWorker.runSuite(SuiteRunnerWorker.java:52)
at org.testng.SuiteRunnerWorker.run(SuiteRunnerWorker.java:95)
at org.testng.TestNG.runSuitesSequentially(TestNG.java:1274)
at org.testng.TestNG.runSuitesLocally(TestNG.java:1208)
at org.testng.TestNG.runSuites(TestNG.java:1112)
at org.testng.TestNG.run(TestNG.java:1079)
at org.testng.remote.AbstractRemoteTestNG.run(AbstractRemoteTestNG.java:115)
at org.testng.remote.RemoteTestNG.initAndRun(RemoteTestNG.java:293)
at org.testng.remote.RemoteTestNG.main(RemoteTestNG.java:91)
]]>
            </full-stacktrace>
          </exception> <!-- org.openqa.selenium.NoSuchElementException -->
          <reporter-output>
          </reporter-output>
        </test-method> <!-- selectFilter -->
        <test-method signature="extractList()[pri:3, instance:testl.inkedIn.ExtractInformation@3c46e67a]" started-at="2024-08-07T00:15:44 IST" name="extractList" finished-at="2024-08-07T00:16:26 IST" duration-ms="41357" status="FAIL">
          <exception class="org.openqa.selenium.ElementClickInterceptedException">
            <message>
              <![CDATA[element click intercepted: Element <a data-control-id="lVrI8oVDhSimdcLfbUc0cw==" tabindex="0" href="/jobs/collections/recommended/?currentJobId=3975225412&amp;eBP=CwEAAAGRKQL-hBfdikd9vqjJOC95S6eMSK06_ge69YVGNRCqHjDfWsJAm5Pi3WWZTUOM_6Ot3U0oNvRfa4r18yh2Ri7iPYfMMm6t7u_7jp4jMCGo8nf2WfuWzSU1fUpsn1bS1l6_lO8bVNsSgTafDHr5AJNm_1Gq8KSds6tkn3z-wDGMqq5yk2Gr-lTwr25AmJ2M7lrahGuMdDX02ChPinQV2dTZt3Rj7E-praLJw1X9wFJbrg_2OJig6ltnaNGPBcTaWwbJy0MDw7sVzzyAWbPFSVI9XTRSifCkeMhe7vG4_t35hJt721pQF7bX9QjlJg3e1P1lUiw-vk2VfdEswDaBGqKTACZieP4RnNRlCa-G-CGvQT4-lbrNgEWKP28WM1w5i_PuBX6I6_FLFnUKjSDKT1C5MjBBO-HKwNSs8yFuu6g0aT-6PqULywNAYverCzizkqe0KOe681b6vvEy6wnT&amp;refId=SdmBaG%2FUxwgTsBkNnBIHKw%3D%3D&amp;trackingId=lVrI8oVDhSimdcLfbUc0cw%3D%3D" id="ember48" class="ember-view job-card-container__link job-card-list__title job-card-list__title--link" aria-label="QA Automation Engineer">...</a> is not clickable at point (540, 12). Other element would receive the click: <input id="jobs-search-box-location-id-ember29" class="jobs-search-box__text-input jobs-search-box__text-input--with-clear" autocomplete="address-level2" spellcheck="false" role="combobox" aria-autocomplete="list" aria-label="City, state, or zip code" aria-activedescendant="" aria-expanded="false" type="text">
  (Session info: chrome=127.0.6533.89)
Build info: version: '4.23.0', revision: '4df0a231af'
System info: os.name: 'Windows 10', os.arch: 'amd64', os.version: '10.0', java.version: '21.0.4'
Driver info: org.openqa.selenium.chrome.ChromeDriver
Command: [7ffbb586b00d4bb7e7a695e35bfdd2c7, clickElement {id=f.0F345C403E7939F022100B1D06116F0F.d.0AD299C60119A207D0A088600F5BBDA3.e.220}]
Capabilities {acceptInsecureCerts: false, browserName: chrome, browserVersion: 127.0.6533.89, chrome: {chromedriverVersion: 127.0.6533.88 (a2d0cb026721..., userDataDir: C:\Users\ADMIN\AppData\Loca...}, fedcm:accounts: true, goog:chromeOptions: {debuggerAddress: localhost:56722}, networkConnectionEnabled: false, pageLoadStrategy: normal, platformName: windows, proxy: Proxy(), se:cdp: ws://localhost:56722/devtoo..., se:cdpVersion: 127.0.6533.89, setWindowRect: true, strictFileInteractability: false, timeouts: {implicit: 0, pageLoad: 300000, script: 30000}, unhandledPromptBehavior: dismiss and notify, webauthn:extension:credBlob: true, webauthn:extension:largeBlob: true, webauthn:extension:minPinLength: true, webauthn:extension:prf: true, webauthn:virtualAuthenticators: true}
Element: [[ChromeDriver: chrome on windows (7ffbb586b00d4bb7e7a695e35bfdd2c7)] -> xpath: //div[@class='full-width artdeco-entity-lockup__title ember-view']/a]
Session ID: 7ffbb586b00d4bb7e7a695e35bfdd2c7]]>
            </message>
            <full-stacktrace>
              <![CDATA[org.openqa.selenium.ElementClickInterceptedException: element click intercepted: Element <a data-control-id="lVrI8oVDhSimdcLfbUc0cw==" tabindex="0" href="/jobs/collections/recommended/?currentJobId=3975225412&amp;eBP=CwEAAAGRKQL-hBfdikd9vqjJOC95S6eMSK06_ge69YVGNRCqHjDfWsJAm5Pi3WWZTUOM_6Ot3U0oNvRfa4r18yh2Ri7iPYfMMm6t7u_7jp4jMCGo8nf2WfuWzSU1fUpsn1bS1l6_lO8bVNsSgTafDHr5AJNm_1Gq8KSds6tkn3z-wDGMqq5yk2Gr-lTwr25AmJ2M7lrahGuMdDX02ChPinQV2dTZt3Rj7E-praLJw1X9wFJbrg_2OJig6ltnaNGPBcTaWwbJy0MDw7sVzzyAWbPFSVI9XTRSifCkeMhe7vG4_t35hJt721pQF7bX9QjlJg3e1P1lUiw-vk2VfdEswDaBGqKTACZieP4RnNRlCa-G-CGvQT4-lbrNgEWKP28WM1w5i_PuBX6I6_FLFnUKjSDKT1C5MjBBO-HKwNSs8yFuu6g0aT-6PqULywNAYverCzizkqe0KOe681b6vvEy6wnT&amp;refId=SdmBaG%2FUxwgTsBkNnBIHKw%3D%3D&amp;trackingId=lVrI8oVDhSimdcLfbUc0cw%3D%3D" id="ember48" class="ember-view job-card-container__link job-card-list__title job-card-list__title--link" aria-label="QA Automation Engineer">...</a> is not clickable at point (540, 12). Other element would receive the click: <input id="jobs-search-box-location-id-ember29" class="jobs-search-box__text-input jobs-search-box__text-input--with-clear" autocomplete="address-level2" spellcheck="false" role="combobox" aria-autocomplete="list" aria-label="City, state, or zip code" aria-activedescendant="" aria-expanded="false" type="text">
  (Session info: chrome=127.0.6533.89)
Build info: version: '4.23.0', revision: '4df0a231af'
System info: os.name: 'Windows 10', os.arch: 'amd64', os.version: '10.0', java.version: '21.0.4'
Driver info: org.openqa.selenium.chrome.ChromeDriver
Command: [7ffbb586b00d4bb7e7a695e35bfdd2c7, clickElement {id=f.0F345C403E7939F022100B1D06116F0F.d.0AD299C60119A207D0A088600F5BBDA3.e.220}]
Capabilities {acceptInsecureCerts: false, browserName: chrome, browserVersion: 127.0.6533.89, chrome: {chromedriverVersion: 127.0.6533.88 (a2d0cb026721..., userDataDir: C:\Users\ADMIN\AppData\Loca...}, fedcm:accounts: true, goog:chromeOptions: {debuggerAddress: localhost:56722}, networkConnectionEnabled: false, pageLoadStrategy: normal, platformName: windows, proxy: Proxy(), se:cdp: ws://localhost:56722/devtoo..., se:cdpVersion: 127.0.6533.89, setWindowRect: true, strictFileInteractability: false, timeouts: {implicit: 0, pageLoad: 300000, script: 30000}, unhandledPromptBehavior: dismiss and notify, webauthn:extension:credBlob: true, webauthn:extension:largeBlob: true, webauthn:extension:minPinLength: true, webauthn:extension:prf: true, webauthn:virtualAuthenticators: true}
Element: [[ChromeDriver: chrome on windows (7ffbb586b00d4bb7e7a695e35bfdd2c7)] -> xpath: //div[@class='full-width artdeco-entity-lockup__title ember-view']/a]
Session ID: 7ffbb586b00d4bb7e7a695e35bfdd2c7
at java.base/jdk.internal.reflect.DirectConstructorHandleAccessor.newInstance(DirectConstructorHandleAccessor.java:62)
at java.base/java.lang.reflect.Constructor.newInstanceWithCaller(Constructor.java:502)
at java.base/java.lang.reflect.Constructor.newInstance(Constructor.java:486)
at org.openqa.selenium.remote.ErrorCodec.decode(ErrorCodec.java:167)
at org.openqa.selenium.remote.codec.w3c.W3CHttpResponseCodec.decode(W3CHttpResponseCodec.java:138)
at org.openqa.selenium.remote.codec.w3c.W3CHttpResponseCodec.decode(W3CHttpResponseCodec.java:50)
at org.openqa.selenium.remote.HttpCommandExecutor.execute(HttpCommandExecutor.java:190)
at org.openqa.selenium.remote.service.DriverCommandExecutor.invokeExecute(DriverCommandExecutor.java:216)
at org.openqa.selenium.remote.service.DriverCommandExecutor.execute(DriverCommandExecutor.java:174)
at org.openqa.selenium.remote.RemoteWebDriver.execute(RemoteWebDriver.java:527)
at org.openqa.selenium.remote.RemoteWebElement.execute(RemoteWebElement.java:223)
at org.openqa.selenium.remote.RemoteWebElement.click(RemoteWebElement.java:76)
at testl.inkedIn.ExtractInformation.extractList(ExtractInformation.java:121)
at java.base/jdk.internal.reflect.DirectMethodHandleAccessor.invoke(DirectMethodHandleAccessor.java:103)
at java.base/java.lang.reflect.Method.invoke(Method.java:580)
at org.testng.internal.invokers.MethodInvocationHelper.invokeMethod(MethodInvocationHelper.java:141)
at org.testng.internal.invokers.TestInvoker.invokeMethod(TestInvoker.java:686)
at org.testng.internal.invokers.TestInvoker.invokeTestMethod(TestInvoker.java:230)
at org.testng.internal.invokers.MethodRunner.runInSequence(MethodRunner.java:63)
at org.testng.internal.invokers.TestInvoker$MethodInvocationAgent.invoke(TestInvoker.java:992)
at org.testng.internal.invokers.TestInvoker.invokeTestMethods(TestInvoker.java:203)
at org.testng.internal.invokers.TestMethodWorker.invokeTestMethods(TestMethodWorker.java:154)
at org.testng.internal.invokers.TestMethodWorker.run(TestMethodWorker.java:134)
at java.base/java.util.ArrayList.forEach(ArrayList.java:1596)
at org.testng.TestRunner.privateRun(TestRunner.java:739)
at org.testng.TestRunner.run(TestRunner.java:614)
at org.testng.SuiteRunner.runTest(SuiteRunner.java:421)
at org.testng.SuiteRunner.runSequentially(SuiteRunner.java:413)
at org.testng.SuiteRunner.privateRun(SuiteRunner.java:373)
at org.testng.SuiteRunner.run(SuiteRunner.java:312)
at org.testng.SuiteRunnerWorker.runSuite(SuiteRunnerWorker.java:52)
at org.testng.SuiteRunnerWorker.run(SuiteRunnerWorker.java:95)
at org.testng.TestNG.runSuitesSequentially(TestNG.java:1274)
at org.testng.TestNG.runSuitesLocally(TestNG.java:1208)
at org.testng.TestNG.runSuites(TestNG.java:1112)
at org.testng.TestNG.run(TestNG.java:1079)
at org.testng.remote.AbstractRemoteTestNG.run(AbstractRemoteTestNG.java:115)
at org.testng.remote.RemoteTestNG.initAndRun(RemoteTestNG.java:293)
at org.testng.remote.RemoteTestNG.main(RemoteTestNG.java:91)
]]>
            </full-stacktrace>
          </exception> <!-- org.openqa.selenium.ElementClickInterceptedException -->
          <reporter-output>
          </reporter-output>
        </test-method> <!-- extractList -->
        <test-method is-config="true" signature="tearDown()[pri:0, instance:testl.inkedIn.ExtractInformation@3c46e67a]" started-at="2024-08-07T00:16:26 IST" name="tearDown" finished-at="2024-08-07T00:16:26 IST" duration-ms="374" status="PASS">
          <reporter-output>
          </reporter-output>
        </test-method> <!-- tearDown -->
      </class> <!-- testl.inkedIn.ExtractInformation -->
    </test> <!-- Default test -->
  </suite> <!-- Default suite -->
</testng-results>
